<?xml version="1.0" encoding="UTF-8"?>
<!-- Generated by org.testng.reporters.JUnitReportReporter -->
<testsuite hostname="DESKTOP-L4VQFKD" failures="0" tests="5" name="com.testscenarios.GiftCardValidation" time="26.070" errors="0" timestamp="2021-06-08T18:52:15 IST" skipped="0">
  <testcase classname="com.testscenarios.GiftCardValidation" name="clickGiftCard" time="14.069"/>
  <system-out/>
  <testcase classname="com.testscenarios.GiftCardValidation" name="verifyTitle" time="0.014"/>
  <system-out/>
  <testcase classname="com.testscenarios.GiftCardValidation" name="switchToGiftCard" time="0.087"/>
  <system-out/>
  <testcase classname="com.testscenarios.GiftCardValidation" name="validateForm" time="11.778"/>
  <system-out/>
  <testcase classname="com.testscenarios.GiftCardValidation" name="validateReceiverDetails" time="0.122"/>
  <system-out/>
</testsuite> <!-- com.testscenarios.GiftCardValidation -->
