<?xml version="1.0" encoding="UTF-8"?>
<!-- Generated by org.testng.reporters.JUnitReportReporter -->
<testsuite hostname="DESKTOP-L4VQFKD" failures="0" tests="5" name="com.testscenarios.GiftCardValidation" time="19.866" errors="0" timestamp="2021-06-09T14:54:47 IST" skipped="0">
  <testcase classname="com.testscenarios.GiftCardValidation" name="clickGiftCard" time="4.414"/>
  <system-out/>
  <testcase classname="com.testscenarios.GiftCardValidation" name="verifyTitle" time="0.063"/>
  <system-out/>
  <testcase classname="com.testscenarios.GiftCardValidation" name="switchToGiftCard" time="0.079"/>
  <system-out/>
  <testcase classname="com.testscenarios.GiftCardValidation" name="validateForm" time="15.205"/>
  <system-out/>
  <testcase classname="com.testscenarios.GiftCardValidation" name="validateReceiverDetails" time="0.105"/>
  <system-out/>
</testsuite> <!-- com.testscenarios.GiftCardValidation -->
