<?xml version="1.0" encoding="UTF-8"?>
<!-- Generated by org.testng.reporters.JUnitReportReporter -->
<testsuite hostname="DESKTOP-L4VQFKD" failures="0" tests="11" name="com.testscenarios.CabBooking" time="23.413" errors="0" timestamp="2021-06-08T18:52:15 IST" skipped="0">
  <testcase classname="com.testscenarios.CabBooking" name="readExcelFile" time="3.251"/>
  <system-out/>
  <testcase classname="com.testscenarios.CabBooking" name="selectCabs" time="3.514"/>
  <system-out/>
  <testcase classname="com.testscenarios.CabBooking" name="setSourceCity" time="1.207"/>
  <system-out/>
  <testcase classname="com.testscenarios.CabBooking" name="verifyTitle" time="0.040"/>
  <system-out/>
  <testcase classname="com.testscenarios.CabBooking" name="setDestinationCity" time="0.913"/>
  <system-out/>
  <testcase classname="com.testscenarios.CabBooking" name="setDepartureDate" time="0.481"/>
  <system-out/>
  <testcase classname="com.testscenarios.CabBooking" name="selectTime" time="2.324"/>
  <system-out/>
  <testcase classname="com.testscenarios.CabBooking" name="clickSearchButton" time="6.835"/>
  <system-out/>
  <testcase classname="com.testscenarios.CabBooking" name="setCabType" time="2.471"/>
  <system-out/>
  <testcase classname="com.testscenarios.CabBooking" name="setSortByOption" time="1.644"/>
  <system-out/>
  <testcase classname="com.testscenarios.CabBooking" name="getLowestPrice" time="0.733"/>
  <system-out/>
</testsuite> <!-- com.testscenarios.CabBooking -->
