<?xml version="1.0" encoding="UTF-8"?>
<!-- Generated by org.testng.reporters.JUnitReportReporter -->
<testsuite hostname="DESKTOP-L4VQFKD" failures="0" tests="11" name="com.testscenarios.CabBooking" time="48.154" errors="0" timestamp="2021-06-09T14:54:47 IST" skipped="0">
  <testcase classname="com.testscenarios.CabBooking" name="readExcelFile" time="6.978"/>
  <system-out/>
  <testcase classname="com.testscenarios.CabBooking" name="selectCabs" time="5.828"/>
  <system-out/>
  <testcase classname="com.testscenarios.CabBooking" name="verifyTitle" time="0.039"/>
  <system-out/>
  <testcase classname="com.testscenarios.CabBooking" name="setSourceCity" time="4.700"/>
  <system-out/>
  <testcase classname="com.testscenarios.CabBooking" name="setDestinationCity" time="1.021"/>
  <system-out/>
  <testcase classname="com.testscenarios.CabBooking" name="setDepartureDate" time="0.781"/>
  <system-out/>
  <testcase classname="com.testscenarios.CabBooking" name="selectTime" time="2.615"/>
  <system-out/>
  <testcase classname="com.testscenarios.CabBooking" name="clickSearchButton" time="16.289"/>
  <system-out/>
  <testcase classname="com.testscenarios.CabBooking" name="setCabType" time="8.025"/>
  <system-out/>
  <testcase classname="com.testscenarios.CabBooking" name="setSortByOption" time="0.666"/>
  <system-out/>
  <testcase classname="com.testscenarios.CabBooking" name="getLowestPrice" time="1.212"/>
  <system-out/>
</testsuite> <!-- com.testscenarios.CabBooking -->
