<?xml version="1.0" encoding="UTF-8"?>
<!-- Generated by org.testng.reporters.JUnitReportReporter -->
<testsuite hostname="DESKTOP-L4VQFKD" failures="0" tests="3" name="com.testscenarios.HotelBooking" time="3.564" errors="0" timestamp="2021-06-08T18:52:15 IST" skipped="0">
  <testcase classname="com.testscenarios.HotelBooking" name="selectHotels" time="2.047"/>
  <system-out/>
  <testcase classname="com.testscenarios.HotelBooking" name="verifyTitle" time="0.008"/>
  <system-out/>
  <testcase classname="com.testscenarios.HotelBooking" name="getNoAdults" time="1.509"/>
  <system-out/>
</testsuite> <!-- com.testscenarios.HotelBooking -->
