<?xml version="1.0" encoding="UTF-8"?>
<!-- Generated by org.testng.reporters.JUnitReportReporter -->
<testsuite hostname="DESKTOP-L4VQFKD" failures="0" tests="3" name="com.testscenarios.HotelBooking" time="4.452" errors="0" timestamp="2021-06-09T14:54:47 IST" skipped="0">
  <testcase classname="com.testscenarios.HotelBooking" name="selectHotels" time="2.327"/>
  <system-out/>
  <testcase classname="com.testscenarios.HotelBooking" name="verifyTitle" time="0.011"/>
  <system-out/>
  <testcase classname="com.testscenarios.HotelBooking" name="getNoAdults" time="2.114"/>
  <system-out/>
</testsuite> <!-- com.testscenarios.HotelBooking -->
