<?xml version="1.0" encoding="UTF-8"?>
<!-- Generated by org.testng.reporters.JUnitReportReporter -->
<testsuite hostname="LAPTOP-NH6RVP77" failures="0" tests="3" name="com.testscenarios.HotelBooking" time="2.015" errors="0" timestamp="2021-06-04T11:46:41 IST" skipped="0">
  <testcase classname="com.testscenarios.HotelBooking" name="selectHotels" time="1.046"/>
  <system-out/>
  <testcase classname="com.testscenarios.HotelBooking" name="verifyTitle" time="0.010"/>
  <system-out/>
  <testcase classname="com.testscenarios.HotelBooking" name="getNoAdults" time="0.959"/>
  <system-out/>
</testsuite> <!-- com.testscenarios.HotelBooking -->
