<?xml version="1.0" encoding="UTF-8"?>
<!-- Generated by org.testng.reporters.JUnitReportReporter -->
<testsuite hostname="LAPTOP-NH6RVP77" failures="0" tests="5" name="com.testscenarios.GiftCardValidation" time="25.708" errors="0" timestamp="2021-06-04T11:46:41 IST" skipped="0">
  <testcase classname="com.testscenarios.GiftCardValidation" name="clickGiftCard" time="14.626"/>
  <system-out/>
  <testcase classname="com.testscenarios.GiftCardValidation" name="verifyTitle" time="0.025"/>
  <system-out/>
  <testcase classname="com.testscenarios.GiftCardValidation" name="switchToGiftCard" time="0.029"/>
  <system-out/>
  <testcase classname="com.testscenarios.GiftCardValidation" name="validateForm" time="10.905"/>
  <system-out/>
  <testcase classname="com.testscenarios.GiftCardValidation" name="validateReceiverDetails" time="0.123"/>
  <system-out/>
</testsuite> <!-- com.testscenarios.GiftCardValidation -->
