<?xml version="1.0" encoding="UTF-8"?>
<!-- Generated by org.testng.reporters.JUnitReportReporter -->
<testsuite hostname="LAPTOP-NH6RVP77" failures="0" tests="11" name="com.testscenarios.CabBooking" time="22.289" errors="0" timestamp="2021-06-04T11:46:41 IST" skipped="0">
  <testcase classname="com.testscenarios.CabBooking" name="readExcelFile" time="0.957"/>
  <system-out/>
  <testcase classname="com.testscenarios.CabBooking" name="selectCabs" time="5.339"/>
  <system-out/>
  <testcase classname="com.testscenarios.CabBooking" name="setSourceCity" time="1.063"/>
  <system-out/>
  <testcase classname="com.testscenarios.CabBooking" name="verifyTitle" time="0.072"/>
  <system-out/>
  <testcase classname="com.testscenarios.CabBooking" name="setDestinationCity" time="1.507"/>
  <system-out/>
  <testcase classname="com.testscenarios.CabBooking" name="setDepartureDate" time="0.831"/>
  <system-out/>
  <testcase classname="com.testscenarios.CabBooking" name="selectTime" time="2.662"/>
  <system-out/>
  <testcase classname="com.testscenarios.CabBooking" name="clickSearchButton" time="4.046"/>
  <system-out/>
  <testcase classname="com.testscenarios.CabBooking" name="setCabType" time="3.337"/>
  <system-out/>
  <testcase classname="com.testscenarios.CabBooking" name="setSortByOption" time="1.768"/>
  <system-out/>
  <testcase classname="com.testscenarios.CabBooking" name="getLowestPrice" time="0.707"/>
  <system-out/>
</testsuite> <!-- com.testscenarios.CabBooking -->
